This is pdfTeX, Version 3.14159265-2.6-1.40.19 (TeX Live 2019/dev/Debian) (preloaded format=latex 2018.7.23)  10 DEC 2019 17:01
entering extended mode
 restricted \write18 enabled.
 %&-line parsing enabled.
**Codage_QCM.tex
(./Codage_QCM.tex
LaTeX2e <2018-04-01> patch level 4
Babel <3.20> and hyphenation patterns for 84 language(s) loaded.
(/usr/share/texlive/texmf-dist/tex/latex/base/article.cls
Document Class: article 2014/09/29 v1.4h Standard LaTeX document class
(/usr/share/texlive/texmf-dist/tex/latex/base/size10.clo
File: size10.clo 2014/09/29 v1.4h Standard LaTeX file (size option)
)
\c@part=\count80
\c@section=\count81
\c@subsection=\count82
\c@subsubsection=\count83
\c@paragraph=\count84
\c@subparagraph=\count85
\c@figure=\count86
\c@table=\count87
\abovecaptionskip=\skip41
\belowcaptionskip=\skip42
\bibindent=\dimen102
)
(/usr/share/texlive/texmf-dist/tex/latex/listings/listings.sty
(/usr/share/texlive/texmf-dist/tex/latex/graphics/keyval.sty
Package: keyval 2014/10/28 v1.15 key=value parser (DPC)
\KV@toks@=\toks14
)
\lst@mode=\count88
\lst@gtempboxa=\box26
\lst@token=\toks15
\lst@length=\count89
\lst@currlwidth=\dimen103
\lst@column=\count90
\lst@pos=\count91
\lst@lostspace=\dimen104
\lst@width=\dimen105
\lst@newlines=\count92
\lst@lineno=\count93
\lst@maxwidth=\dimen106

(/usr/share/texlive/texmf-dist/tex/latex/listings/lstmisc.sty
File: lstmisc.sty 2015/06/04 1.6 (Carsten Heinz)
\c@lstnumber=\count94
\lst@skipnumbers=\count95
\lst@framebox=\box27
)
(/usr/share/texlive/texmf-dist/tex/latex/listings/listings.cfg
File: listings.cfg 2015/06/04 1.6 listings configuration
))
Package: listings 2015/06/04 1.6 (Carsten Heinz)

(/usr/share/texlive/texmf-dist/tex/latex/base/inputenc.sty
Package: inputenc 2018/04/06 v1.3b Input encoding file
\inpenc@prehook=\toks16
\inpenc@posthook=\toks17
)
(/usr/share/texlive/texmf-dist/tex/latex/base/fontenc.sty
Package: fontenc 2017/04/05 v2.0i Standard LaTeX package

(/usr/share/texlive/texmf-dist/tex/latex/base/t1enc.def
File: t1enc.def 2017/04/05 v2.0i Standard LaTeX file
LaTeX Font Info:    Redeclaring font encoding T1 on input line 48.
))
(/usr/share/texlive/texmf-dist/tex/latex/amsmath/amsmath.sty
Package: amsmath 2017/09/02 v2.17a AMS math features
\@mathmargin=\skip43

For additional information on amsmath, use the `?' option.
(/usr/share/texlive/texmf-dist/tex/latex/amsmath/amstext.sty
Package: amstext 2000/06/29 v2.01 AMS text

(/usr/share/texlive/texmf-dist/tex/latex/amsmath/amsgen.sty
File: amsgen.sty 1999/11/30 v2.0 generic functions
\@emptytoks=\toks18
\ex@=\dimen107
))
(/usr/share/texlive/texmf-dist/tex/latex/amsmath/amsbsy.sty
Package: amsbsy 1999/11/29 v1.2d Bold Symbols
\pmbraise@=\dimen108
)
(/usr/share/texlive/texmf-dist/tex/latex/amsmath/amsopn.sty
Package: amsopn 2016/03/08 v2.02 operator names
)
\inf@bad=\count96
LaTeX Info: Redefining \frac on input line 213.
\uproot@=\count97
\leftroot@=\count98
LaTeX Info: Redefining \overline on input line 375.
\classnum@=\count99
\DOTSCASE@=\count100
LaTeX Info: Redefining \ldots on input line 472.
LaTeX Info: Redefining \dots on input line 475.
LaTeX Info: Redefining \cdots on input line 596.
\Mathstrutbox@=\box28
\strutbox@=\box29
\big@size=\dimen109
LaTeX Font Info:    Redeclaring font encoding OML on input line 712.
LaTeX Font Info:    Redeclaring font encoding OMS on input line 713.
\macc@depth=\count101
\c@MaxMatrixCols=\count102
\dotsspace@=\muskip10
\c@parentequation=\count103
\dspbrk@lvl=\count104
\tag@help=\toks19
\row@=\count105
\column@=\count106
\maxfields@=\count107
\andhelp@=\toks20
\eqnshift@=\dimen110
\alignsep@=\dimen111
\tagshift@=\dimen112
\tagwidth@=\dimen113
\totwidth@=\dimen114
\lineht@=\dimen115
\@envbody=\toks21
\multlinegap=\skip44
\multlinetaggap=\skip45
\mathdisplay@stack=\toks22
LaTeX Info: Redefining \[ on input line 2817.
LaTeX Info: Redefining \] on input line 2818.
)
(/usr/share/texmf/tex/latex/AMC/automultiplechoice.sty
AMC version: 2018/07/16 v1.4.0~rc1+git2018-07-16d r:a1767dd
Package: automultiplechoice 2018/07/16 v1.4.0~rc1+git2018-07-16d r:a1767dd
(/usr/share/texlive/texmf-dist/tex/latex/xcolor/xcolor.sty
Package: xcolor 2016/05/11 v2.12 LaTeX color extensions (UK)

(/usr/share/texlive/texmf-dist/tex/latex/graphics-cfg/color.cfg
File: color.cfg 2016/01/02 v1.6 sample color configuration
)
Package xcolor Info: Driver file: dvips.def on input line 225.

(/usr/share/texlive/texmf-dist/tex/latex/graphics-def/dvips.def
File: dvips.def 2017/06/20 v3.1d Graphics/color driver for dvips
)
Package xcolor Info: Model `cmy' substituted by `cmy0' on input line 1348.
Package xcolor Info: Model `RGB' extended on input line 1364.
Package xcolor Info: Model `HTML' substituted by `rgb' on input line 1366.
Package xcolor Info: Model `Hsb' substituted by `hsb' on input line 1367.
Package xcolor Info: Model `tHsb' substituted by `hsb' on input line 1368.
Package xcolor Info: Model `HSB' substituted by `hsb' on input line 1369.
Package xcolor Info: Model `Gray' substituted by `gray' on input line 1370.
Package xcolor Info: Model `wave' substituted by `hsb' on input line 1371.
)
(/usr/share/texlive/texmf-dist/tex/latex/fancyhdr/fancyhdr.sty
Package: fancyhdr 2017/06/30 v3.9a Extensive control of page headers and footer
s
\f@nch@headwidth=\skip46
\f@nch@O@elh=\skip47
\f@nch@O@erh=\skip48
\f@nch@O@olh=\skip49
\f@nch@O@orh=\skip50
\f@nch@O@elf=\skip51
\f@nch@O@erf=\skip52
\f@nch@O@olf=\skip53
\f@nch@O@orf=\skip54
)
(/usr/share/texlive/texmf-dist/tex/latex/bophook/bophook.sty
Package: bophook 2001/03/29 v0.02 beginning-of-page hook, K. Tinnefeld
)
(/usr/share/texlive/texmf-dist/tex/latex/xkeyval/xkeyval.sty
Package: xkeyval 2014/12/03 v2.7a package option processing (HA)

(/usr/share/texlive/texmf-dist/tex/generic/xkeyval/xkeyval.tex
(/usr/share/texlive/texmf-dist/tex/generic/xkeyval/xkvutils.tex
\XKV@toks=\toks23
\XKV@tempa@toks=\toks24
)
\XKV@depth=\count108
File: xkeyval.tex 2014/12/03 v2.7a key=value parser (HA)
))
(/usr/share/texlive/texmf-dist/tex/latex/graphics/rotating.sty
Package: rotating 2016/08/11 v2.16d rotated objects in LaTeX

(/usr/share/texlive/texmf-dist/tex/latex/graphics/graphicx.sty
Package: graphicx 2017/06/01 v1.1a Enhanced LaTeX Graphics (DPC,SPQR)

(/usr/share/texlive/texmf-dist/tex/latex/graphics/graphics.sty
Package: graphics 2017/06/25 v1.2c Standard LaTeX Graphics (DPC,SPQR)

(/usr/share/texlive/texmf-dist/tex/latex/graphics/trig.sty
Package: trig 2016/01/03 v1.10 sin cos tan (DPC)
)
(/usr/share/texlive/texmf-dist/tex/latex/graphics-cfg/graphics.cfg
File: graphics.cfg 2016/06/04 v1.11 sample graphics configuration
)
Package graphics Info: Driver file: dvips.def on input line 99.
)
\Gin@req@height=\dimen116
\Gin@req@width=\dimen117
)
(/usr/share/texlive/texmf-dist/tex/latex/base/ifthen.sty
Package: ifthen 2014/09/29 v1.1c Standard LaTeX ifthen package (DPC)
)
\c@r@tfl@t=\count109
\rotFPtop=\skip55
\rotFPbot=\skip56
\rot@float@box=\box30
\rot@mess@toks=\toks25
)
(/usr/share/texlive/texmf-dist/tex/latex/fancybox/fancybox.sty
Package: fancybox 2010/05/15 1.4

Style option: `fancybox' v1.4 <2010/05/15> (tvz)
\@fancybox=\box31
\shadowsize=\dimen118
\@Sbox=\box32
\do@VerbBox=\toks26
\the@fancyput=\toks27
\this@fancyput=\toks28
\EndVerbatimTokens=\toks29
\Verbatim@Outfile=\write3
\Verbatim@Infile=\read1
) (/usr/share/texlive/texmf-dist/tex/latex/l3kernel/expl3.sty
Package: expl3 2018-04-30 L3 programming layer (loader) 

(/usr/share/texlive/texmf-dist/tex/latex/l3kernel/expl3-code.tex
Package: expl3 2018-04-30 L3 programming layer (code)
\c_max_int=\count110
\l_tmpa_int=\count111
\l_tmpb_int=\count112
\g_tmpa_int=\count113
\g_tmpb_int=\count114
\g__kernel_prg_map_int=\count115
\c_log_iow=\count116
\l_iow_line_count_int=\count117
\l__iow_line_target_int=\count118
\l__iow_one_indent_int=\count119
\l__iow_indent_int=\count120
\c_zero_dim=\dimen119
\c_max_dim=\dimen120
\l_tmpa_dim=\dimen121
\l_tmpb_dim=\dimen122
\g_tmpa_dim=\dimen123
\g_tmpb_dim=\dimen124
\c_zero_skip=\skip57
\c_max_skip=\skip58
\l_tmpa_skip=\skip59
\l_tmpb_skip=\skip60
\g_tmpa_skip=\skip61
\g_tmpb_skip=\skip62
\c_zero_muskip=\muskip11
\c_max_muskip=\muskip12
\l_tmpa_muskip=\muskip13
\l_tmpb_muskip=\muskip14
\g_tmpa_muskip=\muskip15
\g_tmpb_muskip=\muskip16
\l_keys_choice_int=\count121
\c__fp_leading_shift_int=\count122
\c__fp_middle_shift_int=\count123
\c__fp_trailing_shift_int=\count124
\c__fp_big_leading_shift_int=\count125
\c__fp_big_middle_shift_int=\count126
\c__fp_big_trailing_shift_int=\count127
\c__fp_Bigg_leading_shift_int=\count128
\c__fp_Bigg_middle_shift_int=\count129
\c__fp_Bigg_trailing_shift_int=\count130
\c__fp_rand_size_int=\count131
\c__fp_rand_four_int=\count132
\c__fp_rand_eight_int=\count133
\c__intarray_sp_dim=\dimen125
\g__intarray_font_int=\count134
\l__sort_length_int=\count135
\l__sort_min_int=\count136
\l__sort_top_int=\count137
\l__sort_max_int=\count138
\l__sort_true_max_int=\count139
\l__sort_block_int=\count140
\l__sort_begin_int=\count141
\l__sort_end_int=\count142
\l__sort_A_int=\count143
\l__sort_B_int=\count144
\l__sort_C_int=\count145
\l__tl_analysis_normal_int=\count146
\l__tl_analysis_index_int=\count147
\l__tl_analysis_nesting_int=\count148
\l__tl_analysis_type_int=\count149
\l__regex_internal_a_int=\count150
\l__regex_internal_b_int=\count151
\l__regex_internal_c_int=\count152
\l__regex_balance_int=\count153
\l__regex_group_level_int=\count154
\l__regex_mode_int=\count155
\c__regex_cs_in_class_mode_int=\count156
\c__regex_cs_mode_int=\count157
\l__regex_catcodes_int=\count158
\l__regex_default_catcodes_int=\count159
\c__regex_catcode_D_int=\count160
\c__regex_catcode_S_int=\count161
\c__regex_catcode_L_int=\count162
\c__regex_catcode_O_int=\count163
\c__regex_catcode_A_int=\count164
\c__regex_all_catcodes_int=\count165
\l__regex_show_lines_int=\count166
\l__regex_min_state_int=\count167
\l__regex_max_state_int=\count168
\l__regex_left_state_int=\count169
\l__regex_right_state_int=\count170
\l__regex_capturing_group_int=\count171
\l__regex_min_pos_int=\count172
\l__regex_max_pos_int=\count173
\l__regex_curr_pos_int=\count174
\l__regex_start_pos_int=\count175
\l__regex_success_pos_int=\count176
\l__regex_curr_char_int=\count177
\l__regex_curr_catcode_int=\count178
\l__regex_last_char_int=\count179
\l__regex_case_changed_char_int=\count180
\l__regex_curr_state_int=\count181
\l__regex_step_int=\count182
\l__regex_min_active_int=\count183
\l__regex_max_active_int=\count184
\l__regex_replacement_csnames_int=\count185
\l__regex_match_count_int=\count186
\l__regex_min_submatch_int=\count187
\l__regex_submatch_int=\count188
\l__regex_zeroth_submatch_int=\count189
\g__regex_trace_regex_int=\count190
\c_empty_box=\box33
\l_tmpa_box=\box34
\l_tmpb_box=\box35
\g_tmpa_box=\box36
\g_tmpb_box=\box37
\l__box_top_dim=\dimen126
\l__box_bottom_dim=\dimen127
\l__box_left_dim=\dimen128
\l__box_right_dim=\dimen129
\l__box_top_new_dim=\dimen130
\l__box_bottom_new_dim=\dimen131
\l__box_left_new_dim=\dimen132
\l__box_right_new_dim=\dimen133
\l__box_internal_box=\box38
\l__coffin_internal_box=\box39
\l__coffin_internal_dim=\dimen134
\l__coffin_offset_x_dim=\dimen135
\l__coffin_offset_y_dim=\dimen136
\l__coffin_x_dim=\dimen137
\l__coffin_y_dim=\dimen138
\l__coffin_x_prime_dim=\dimen139
\l__coffin_y_prime_dim=\dimen140
\c_empty_coffin=\box40
\l__coffin_aligned_coffin=\box41
\l__coffin_aligned_internal_coffin=\box42
\l_tmpa_coffin=\box43
\l_tmpb_coffin=\box44
\l__coffin_display_coffin=\box45
\l__coffin_display_coord_coffin=\box46
\l__coffin_display_pole_coffin=\box47
\l__coffin_display_offset_dim=\dimen141
\l__coffin_display_x_dim=\dimen142
\l__coffin_display_y_dim=\dimen143
\g__file_internal_ior=\read2
\l__coffin_bounding_shift_dim=\dimen144
\l__coffin_left_corner_dim=\dimen145
\l__coffin_right_corner_dim=\dimen146
\l__coffin_bottom_corner_dim=\dimen147
\l__coffin_top_corner_dim=\dimen148
\l__coffin_scaled_total_height_dim=\dimen149
\l__coffin_scaled_width_dim=\dimen150
\l__seq_internal_a_int=\count191
\l__seq_internal_b_int=\count192
)
(/usr/share/texlive/texmf-dist/tex/latex/l3kernel/l3dvips.def
File: l3dvips.def 2018-04-30 v L3 Experimental driver: dvips
))
\AMC@logfile=\write4
\openout4 = `Codage_QCM.amc'.

\AMCload@counter=\count193
\AMCid@quest=\count194
\AMCid@check=\count195
\AMCid@etud=\count196
\AMCid@etudstart=\count197
\AMCid@etudfin=\count198
\AMCnum@copies=\count199
\AMCformVSpace=\dimen151
\AMCformHSpace=\dimen152
\AMCinterIrep=\dimen153
\AMCinterBrep=\dimen154
\AMCinterIquest=\dimen155
\AMCinterBquest=\dimen156
\AMCpostOquest=\dimen157
\AMCids@width=\dimen158
\AMCids@height=\dimen159
\AMC@SR=\count266
\AMC@SR@count=\count267
\AMC@SRnum=\count268
\AMC@sti=\count269
\AMC@stil=\count270
\AMCsw@p@=\toks30
\AMC@numerotation=\count271
\AMC@XYspecial=\write5
\AMC@tmpXY=\write6
\AMC@smashbox=\box48
\AMC@smashboxheight=\dimen160
\c@AMC@ncase=\count272
\AMC@boxedrule=\skip63
\AMC@crossrule=\skip64
\AMC@boxeddown=\skip65
\AMC@boxedwidth=\skip66
\AMC@boxedheight=\skip67
\AMC@oval@radius=\skip68
\AMC@outside@sep=\skip69
\AMC@CBtaille=\skip70
\AMCbin@sequence=\toks31
\AMCbin@number=\count273
\AMCbin@ndigits=\count274
\AMCbin@id=\count275
\AMCbin@digit=\count276
\AMCtok@k=\count277
\AMCtok@max=\count278
\AMCtok@size=\count279
\AMC@imax=\count280
\AMCtok@ik=\count281
\AMCloop@k=\count282
\AMCrep@count=\count283
\reponse@cxcix=\toks32
\reponse@cxcviii=\toks33
\reponse@cxcvii=\toks34
\reponse@cxcvi=\toks35
\reponse@cxcv=\toks36
\reponse@cxciv=\toks37
\reponse@cxciii=\toks38
\reponse@cxcii=\toks39
\reponse@cxci=\toks40
\reponse@cxc=\toks41
\reponse@clxxxix=\toks42
\reponse@clxxxviii=\toks43
\reponse@clxxxvii=\toks44
\reponse@clxxxvi=\toks45
\reponse@clxxxv=\toks46
\reponse@clxxxiv=\toks47
\reponse@clxxxiii=\toks48
\reponse@clxxxii=\toks49
\reponse@clxxxi=\toks50
\reponse@clxxx=\toks51
\reponse@clxxix=\toks52
\reponse@clxxviii=\toks53
\reponse@clxxvii=\toks54
\reponse@clxxvi=\toks55
\reponse@clxxv=\toks56
\reponse@clxxiv=\toks57
\reponse@clxxiii=\toks58
\reponse@clxxii=\toks59
\reponse@clxxi=\toks60
\reponse@clxx=\toks61
\reponse@clxix=\toks62
\reponse@clxviii=\toks63
\reponse@clxvii=\toks64
\reponse@clxvi=\toks65
\reponse@clxv=\toks66
\reponse@clxiv=\toks67
\reponse@clxiii=\toks68
\reponse@clxii=\toks69
\reponse@clxi=\toks70
\reponse@clx=\toks71
\reponse@clix=\toks72
\reponse@clviii=\toks73
\reponse@clvii=\toks74
\reponse@clvi=\toks75
\reponse@clv=\toks76
\reponse@cliv=\toks77
\reponse@cliii=\toks78
\reponse@clii=\toks79
\reponse@cli=\toks80
\reponse@cl=\toks81
\reponse@cxlix=\toks82
\reponse@cxlviii=\toks83
\reponse@cxlvii=\toks84
\reponse@cxlvi=\toks85
\reponse@cxlv=\toks86
\reponse@cxliv=\toks87
\reponse@cxliii=\toks88
\reponse@cxlii=\toks89
\reponse@cxli=\toks90
\reponse@cxl=\toks91
\reponse@cxxxix=\toks92
\reponse@cxxxviii=\toks93
\reponse@cxxxvii=\toks94
\reponse@cxxxvi=\toks95
\reponse@cxxxv=\toks96
\reponse@cxxxiv=\toks97
\reponse@cxxxiii=\toks98
\reponse@cxxxii=\toks99
\reponse@cxxxi=\toks100
\reponse@cxxx=\toks101
\reponse@cxxix=\toks102
\reponse@cxxviii=\toks103
\reponse@cxxvii=\toks104
\reponse@cxxvi=\toks105
\reponse@cxxv=\toks106
\reponse@cxxiv=\toks107
\reponse@cxxiii=\toks108
\reponse@cxxii=\toks109
\reponse@cxxi=\toks110
\reponse@cxx=\toks111
\reponse@cxix=\toks112
\reponse@cxviii=\toks113
\reponse@cxvii=\toks114
\reponse@cxvi=\toks115
\reponse@cxv=\toks116
\reponse@cxiv=\toks117
\reponse@cxiii=\toks118
\reponse@cxii=\toks119
\reponse@cxi=\toks120
\reponse@cx=\toks121
\reponse@cix=\toks122
\reponse@cviii=\toks123
\reponse@cvii=\toks124
\reponse@cvi=\toks125
\reponse@cv=\toks126
\reponse@civ=\toks127
\reponse@ciii=\toks128
\reponse@cii=\toks129
\reponse@ci=\toks130
\reponse@c=\toks131
\reponse@xcix=\toks132
\reponse@xcviii=\toks133
\reponse@xcvii=\toks134
\reponse@xcvi=\toks135
\reponse@xcv=\toks136
\reponse@xciv=\toks137
\reponse@xciii=\toks138
\reponse@xcii=\toks139
\reponse@xci=\toks140
\reponse@xc=\toks141
\reponse@lxxxix=\toks142
\reponse@lxxxviii=\toks143
\reponse@lxxxvii=\toks144
\reponse@lxxxvi=\toks145
\reponse@lxxxv=\toks146
\reponse@lxxxiv=\toks147
\reponse@lxxxiii=\toks148
\reponse@lxxxii=\toks149
\reponse@lxxxi=\toks150
\reponse@lxxx=\toks151
\reponse@lxxix=\toks152
\reponse@lxxviii=\toks153
\reponse@lxxvii=\toks154
\reponse@lxxvi=\toks155
\reponse@lxxv=\toks156
\reponse@lxxiv=\toks157
\reponse@lxxiii=\toks158
\reponse@lxxii=\toks159
\reponse@lxxi=\toks160
\reponse@lxx=\toks161
\reponse@lxix=\toks162
\reponse@lxviii=\toks163
\reponse@lxvii=\toks164
\reponse@lxvi=\toks165
\reponse@lxv=\toks166
\reponse@lxiv=\toks167
\reponse@lxiii=\toks168
\reponse@lxii=\toks169
\reponse@lxi=\toks170
\reponse@lx=\toks171
\reponse@lix=\toks172
\reponse@lviii=\toks173
\reponse@lvii=\toks174
\reponse@lvi=\toks175
\reponse@lv=\toks176
\reponse@liv=\toks177
\reponse@liii=\toks178
\reponse@lii=\toks179
\reponse@li=\toks180
\reponse@l=\toks181
\reponse@xlix=\toks182
\reponse@xlviii=\toks183
\reponse@xlvii=\toks184
\reponse@xlvi=\toks185
\reponse@xlv=\toks186
\reponse@xliv=\toks187
\reponse@xliii=\toks188
\reponse@xlii=\toks189
\reponse@xli=\toks190
\reponse@xl=\toks191
\reponse@xxxix=\toks192
\reponse@xxxviii=\toks193
\reponse@xxxvii=\toks194
\reponse@xxxvi=\toks195
\reponse@xxxv=\toks196
\reponse@xxxiv=\toks197
\reponse@xxxiii=\toks198
\reponse@xxxii=\toks199
\reponse@xxxi=\toks200
\reponse@xxx=\toks201
\reponse@xxix=\toks202
\reponse@xxviii=\toks203
\reponse@xxvii=\toks204
\reponse@xxvi=\toks205
\reponse@xxv=\toks206
\reponse@xxiv=\toks207
\reponse@xxiii=\toks208
\reponse@xxii=\toks209
\reponse@xxi=\toks210
\reponse@xx=\toks211
\reponse@xix=\toks212
\reponse@xviii=\toks213
\reponse@xvii=\toks214
\reponse@xvi=\toks215
\reponse@xv=\toks216
\reponse@xiv=\toks217
\reponse@xiii=\toks218
\reponse@xii=\toks219
\reponse@xi=\toks220
\reponse@x=\toks221
\reponse@ix=\toks222
\reponse@viii=\toks223
\reponse@vii=\toks224
\reponse@vi=\toks225
\reponse@v=\toks226
\reponse@iv=\toks227
\reponse@iii=\toks228
\reponse@ii=\toks229
\reponse@i=\toks230
\AMCnum@questions=\count284
\AMCrep@@count=\count285
\amc_memory_elts_count=\count286
\AMChorizAnswerSep=\skip71
\AMChorizBoxSep=\skip72
\AMC@mn@test=\skip73
\AMC@mn@sep=\skip74
\AMC@mn@leftmargin=\skip75
\AMC@mn@rightmargin=\skip76
\AMC@sz@width=\skip77
\AMC@sz@height=\skip78
\AMC@sz@depth=\skip79
\AMC@sza@width=\skip80
\AMC@sza@height=\skip81
\AMC@sza@depth=\skip82
\c@AMCquestionaff=\count287
\ouverte@vs=\dimen161
\AMC@chiffres=\count288
\AMCcodeHspace=\dimen162
\AMCcodeVspace=\dimen163
\amc_code_digit_n_int=\count289
\amc_num_exponent_int=\count290
\amc_todigits_int=\count291
\AMCnumeric@Hspace=\dimen164
\AMCnumeric@Vspace=\dimen165
\amc_num_ndigits_int=\count292
\amc_num_decd_int=\count293
\amc_num_expo_int=\count294
\amc_num_base_int=\count295
\amc_num_exact_int=\count296
\amc_num_approx_int=\count297
\amc_num_first_digit_int=\count298
\amc_num_digit_int=\count299
\amc_num_correct_expo_int=\count300
\AMCopen@Hspace=\dimen166
\AMCopen@LineHeight=\dimen167
\AMCopen@Lines=\count301
\AMCopen@boxmargin=\dimen168
\AMCopen@boxframerule=\dimen169
\AMCopen@framerule=\dimen170
\AMC@addpages=\count302

(/usr/share/texlive/texmf-dist/tex/latex/environ/environ.sty
Package: environ 2014/05/04 v0.3 A new way to define environments

(/usr/share/texlive/texmf-dist/tex/latex/trimspaces/trimspaces.sty
Package: trimspaces 2009/09/17 v1.1 Trim spaces around a token list
))
(/usr/share/texlive/texmf-dist/tex/latex/etex-pkg/etex.sty
Package: etex 2016/08/01 v2.7 eTeX basic definition package (PEB,DPC)


Package etex Warning: Extended allocation already in use.
(etex)                etex.sty code will not be used.
(etex)                To force etex package to load, add
(etex)                \RequirePackage{etex}
(etex)                at the start of the document.

) (/usr/share/texlive/texmf-dist/tex/latex/geometry/geometry.sty
Package: geometry 2018/03/24 v5.7 Page Geometry

(/usr/share/texlive/texmf-dist/tex/generic/oberdiek/ifpdf.sty
Package: ifpdf 2017/03/15 v3.2 Provides the ifpdf switch
)
(/usr/share/texlive/texmf-dist/tex/generic/oberdiek/ifvtex.sty
Package: ifvtex 2016/05/16 v1.6 Detect VTeX and its facilities (HO)
Package ifvtex Info: VTeX not detected.
)
(/usr/share/texlive/texmf-dist/tex/generic/ifxetex/ifxetex.sty
Package: ifxetex 2010/09/12 v0.6 Provides ifxetex conditional
)
\Gm@cnth=\count303
\Gm@cntv=\count304
\c@Gm@tempcnt=\count305
\Gm@bindingoffset=\dimen171
\Gm@wd@mp=\dimen172
\Gm@odd@mp=\dimen173
\Gm@even@mp=\dimen174
\Gm@layoutwidth=\dimen175
\Gm@layoutheight=\dimen176
\Gm@layouthoffset=\dimen177
\Gm@layoutvoffset=\dimen178
\Gm@dimlist=\toks231
))
(./Codage_QCM.aux)
\openout1 = `Codage_QCM.aux'.

LaTeX Font Info:    Checking defaults for OML/cmm/m/it on input line 9.
LaTeX Font Info:    ... okay on input line 9.
LaTeX Font Info:    Checking defaults for T1/cmr/m/n on input line 9.
LaTeX Font Info:    ... okay on input line 9.
LaTeX Font Info:    Checking defaults for OT1/cmr/m/n on input line 9.
LaTeX Font Info:    ... okay on input line 9.
LaTeX Font Info:    Checking defaults for OMS/cmsy/m/n on input line 9.
LaTeX Font Info:    ... okay on input line 9.
LaTeX Font Info:    Checking defaults for OMX/cmex/m/n on input line 9.
LaTeX Font Info:    ... okay on input line 9.
LaTeX Font Info:    Checking defaults for U/cmr/m/n on input line 9.
LaTeX Font Info:    ... okay on input line 9.
\c@lstlisting=\count306
\AMC@ovalbox@R=\box49
\AMC@ovalbox@RF=\box50
\AMC@ovalbox@=\box51
\AMC@ovalbox@F=\box52

*geometry* driver: auto-detecting
*geometry* detected driver: dvips
*geometry* verbose mode - [ preamble ] result:
* driver: dvips
* paper: a4paper
* layout: <same size as paper>
* layoutoffset:(h,v)=(0.0pt,0.0pt)
* modes: 
* h-part:(L,W,R)=(85.35826pt, 426.79135pt, 85.35826pt)
* v-part:(T,H,B)=(99.58464pt, 674.33032pt, 71.13188pt)
* \paperwidth=597.50787pt
* \paperheight=845.04684pt
* \textwidth=426.79135pt
* \textheight=674.33032pt
* \oddsidemargin=13.08827pt
* \evensidemargin=13.08827pt
* \topmargin=-38.12675pt
* \headheight=56.9055pt
* \headsep=8.5359pt
* \topskip=10.0pt
* \footskip=28.45274pt
* \marginparwidth=57.0pt
* \marginparsep=11.0pt
* \columnsep=10.0pt
* \skip\footins=9.0pt plus 4.0pt minus 2.0pt
* \hoffset=0.0pt
* \voffset=0.0pt
* \mag=1000
* \@twocolumnfalse
* \@twosidefalse
* \@mparswitchfalse
* \@reversemarginfalse
* (1in=72.27pt=25.4mm, 1cm=28.453pt)

\codageentiernaturel@k=\count307
\AMCcodageentiernaturel@j=\count308
\codageentiernaturel@i=\toks232
\codageentiernaturel@ii=\toks233
\codageentiernaturel@iii=\toks234
\codageentiernaturel@iv=\toks235
\codageentiernaturel@v=\toks236
\codageentierrelatif@k=\count309
\AMCcodageentierrelatif@j=\count310
\codageentierrelatif@i=\toks237
\codageentierrelatif@ii=\toks238
\codageentierrelatif@iii=\toks239
\codageentierrelatif@iv=\toks240
\codageentierrelatif@v=\toks241
\codageentierrelatif@vi=\toks242
\codageentierrelatif@vii=\toks243
\codageentierrelatif@viii=\toks244
\codagereels@k=\count311
\AMCcodagereels@j=\count312
\codagereels@i=\toks245
\codagereels@ii=\toks246
\codagereels@iii=\toks247
\codagereels@iv=\toks248
\codagereels@v=\toks249
\codagereels@vi=\toks250
\codagereels@vii=\toks251
\codagereels@viii=\toks252

Overfull \hbox (15.0pt too wide) in paragraph at lines 355--355
[]$[]$ 
 []


Overfull \hbox (16.79755pt too wide) in paragraph at lines 355--355
[] []
 []

LaTeX Font Info:    Try loading font information for T1+cmtt on input line 355.

(/usr/share/texlive/texmf-dist/tex/latex/base/t1cmtt.fd
File: t1cmtt.fd 2014/09/29 v2.5h Standard LaTeX font definitions
) [1

]
Underfull \hbox (badness 10000) in paragraph at lines 355--355

 []

[2] [3] [4

]
Overfull \hbox (15.0pt too wide) in paragraph at lines 355--355
[]$[]$ 
 []


Overfull \hbox (16.79755pt too wide) in paragraph at lines 355--355
[] []
 []

[1


]
Underfull \hbox (badness 10000) in paragraph at lines 355--355

 []

[2] [3] [4

]
Overfull \hbox (15.0pt too wide) in paragraph at lines 355--355
[]$[]$ 
 []


Overfull \hbox (16.79755pt too wide) in paragraph at lines 355--355
[] []
 []

[1


]
Underfull \hbox (badness 10000) in paragraph at lines 355--355

 []

[2] [3] [4

]
Overfull \hbox (15.0pt too wide) in paragraph at lines 355--355
[]$[]$ 
 []


Overfull \hbox (16.79755pt too wide) in paragraph at lines 355--355
[] []
 []

[1


]
Underfull \hbox (badness 10000) in paragraph at lines 355--355

 []

[2] [3] [4

]
Overfull \hbox (15.0pt too wide) in paragraph at lines 355--355
[]$[]$ 
 []


Overfull \hbox (16.79755pt too wide) in paragraph at lines 355--355
[] []
 []

[1


]
Underfull \hbox (badness 10000) in paragraph at lines 355--355

 []

[2] [3] [4

]
Overfull \hbox (15.0pt too wide) in paragraph at lines 355--355
[]$[]$ 
 []


Overfull \hbox (16.79755pt too wide) in paragraph at lines 355--355
[] []
 []

[1


]
Underfull \hbox (badness 10000) in paragraph at lines 355--355

 []

[2] [3] [4

]
Overfull \hbox (15.0pt too wide) in paragraph at lines 355--355
[]$[]$ 
 []


Overfull \hbox (16.79755pt too wide) in paragraph at lines 355--355
[] []
 []

[1


]
Underfull \hbox (badness 10000) in paragraph at lines 355--355

 []

[2] [3] [4

]
Overfull \hbox (15.0pt too wide) in paragraph at lines 355--355
[]$[]$ 
 []


Overfull \hbox (16.79755pt too wide) in paragraph at lines 355--355
[] []
 []

[1


]
Underfull \hbox (badness 10000) in paragraph at lines 355--355

 []

[2] [3] [4

]
Overfull \hbox (15.0pt too wide) in paragraph at lines 355--355
[]$[]$ 
 []


Overfull \hbox (16.79755pt too wide) in paragraph at lines 355--355
[] []
 []

[1


]
Underfull \hbox (badness 10000) in paragraph at lines 355--355

 []

[2] [3] [4

]
Overfull \hbox (15.0pt too wide) in paragraph at lines 355--355
[]$[]$ 
 []


Overfull \hbox (16.79755pt too wide) in paragraph at lines 355--355
[] []
 []

[1


]
Underfull \hbox (badness 10000) in paragraph at lines 355--355

 []

[2] [3] [4

]
Overfull \hbox (15.0pt too wide) in paragraph at lines 355--355
[]$[]$ 
 []


Overfull \hbox (16.79755pt too wide) in paragraph at lines 355--355
[] []
 []

[1


]
Underfull \hbox (badness 10000) in paragraph at lines 355--355

 []

[2] [3] [4

]
Overfull \hbox (15.0pt too wide) in paragraph at lines 355--355
[]$[]$ 
 []


Overfull \hbox (16.79755pt too wide) in paragraph at lines 355--355
[] []
 []

[1


]
Underfull \hbox (badness 10000) in paragraph at lines 355--355

 []

[2] [3] [4

]
Overfull \hbox (15.0pt too wide) in paragraph at lines 355--355
[]$[]$ 
 []


Overfull \hbox (16.79755pt too wide) in paragraph at lines 355--355
[] []
 []

[1


]
Underfull \hbox (badness 10000) in paragraph at lines 355--355

 []

[2] [3] [4

]
Overfull \hbox (15.0pt too wide) in paragraph at lines 355--355
[]$[]$ 
 []


Overfull \hbox (16.79755pt too wide) in paragraph at lines 355--355
[] []
 []

[1


]
Underfull \hbox (badness 10000) in paragraph at lines 355--355

 []

[2] [3] [4

]
Overfull \hbox (15.0pt too wide) in paragraph at lines 355--355
[]$[]$ 
 []


Overfull \hbox (16.79755pt too wide) in paragraph at lines 355--355
[] []
 []

[1


]
Underfull \hbox (badness 10000) in paragraph at lines 355--355

 []

[2] [3] [4

]
Overfull \hbox (15.0pt too wide) in paragraph at lines 355--355
[]$[]$ 
 []


Overfull \hbox (16.79755pt too wide) in paragraph at lines 355--355
[] []
 []

[1


]
Underfull \hbox (badness 10000) in paragraph at lines 355--355

 []

[2] [3] [4

]
Overfull \hbox (15.0pt too wide) in paragraph at lines 355--355
[]$[]$ 
 []


Overfull \hbox (16.79755pt too wide) in paragraph at lines 355--355
[] []
 []

[1


]
Underfull \hbox (badness 10000) in paragraph at lines 355--355

 []

[2] [3] [4

]
Overfull \hbox (15.0pt too wide) in paragraph at lines 355--355
[]$[]$ 
 []


Overfull \hbox (16.79755pt too wide) in paragraph at lines 355--355
[] []
 []

[1


]
Underfull \hbox (badness 10000) in paragraph at lines 355--355

 []

[2] [3] [4

]
Overfull \hbox (15.0pt too wide) in paragraph at lines 355--355
[]$[]$ 
 []


Overfull \hbox (16.79755pt too wide) in paragraph at lines 355--355
[] []
 []

[1


]
Underfull \hbox (badness 10000) in paragraph at lines 355--355

 []

[2] [3] [4

]
Overfull \hbox (15.0pt too wide) in paragraph at lines 355--355
[]$[]$ 
 []


Overfull \hbox (16.79755pt too wide) in paragraph at lines 355--355
[] []
 []

[1


]
Underfull \hbox (badness 10000) in paragraph at lines 355--355

 []

[2] [3] [4

]
Overfull \hbox (15.0pt too wide) in paragraph at lines 355--355
[]$[]$ 
 []


Overfull \hbox (16.79755pt too wide) in paragraph at lines 355--355
[] []
 []

[1


]
Underfull \hbox (badness 10000) in paragraph at lines 355--355

 []

[2] [3] [4

]
Overfull \hbox (15.0pt too wide) in paragraph at lines 355--355
[]$[]$ 
 []


Overfull \hbox (16.79755pt too wide) in paragraph at lines 355--355
[] []
 []

[1


]
Underfull \hbox (badness 10000) in paragraph at lines 355--355

 []

[2] [3] [4

]
Overfull \hbox (15.0pt too wide) in paragraph at lines 355--355
[]$[]$ 
 []


Overfull \hbox (16.79755pt too wide) in paragraph at lines 355--355
[] []
 []

[1


]
Underfull \hbox (badness 10000) in paragraph at lines 355--355

 []

[2] [3] [4

]
Overfull \hbox (15.0pt too wide) in paragraph at lines 355--355
[]$[]$ 
 []


Overfull \hbox (16.79755pt too wide) in paragraph at lines 355--355
[] []
 []

[1


]
Underfull \hbox (badness 10000) in paragraph at lines 355--355

 []

[2] [3] [4

]
Overfull \hbox (15.0pt too wide) in paragraph at lines 355--355
[]$[]$ 
 []


Overfull \hbox (16.79755pt too wide) in paragraph at lines 355--355
[] []
 []

[1


]
Underfull \hbox (badness 10000) in paragraph at lines 355--355

 []

[2] [3] [4

]
Overfull \hbox (15.0pt too wide) in paragraph at lines 355--355
[]$[]$ 
 []


Overfull \hbox (16.79755pt too wide) in paragraph at lines 355--355
[] []
 []

[1


]
Underfull \hbox (badness 10000) in paragraph at lines 355--355

 []

[2] [3] [4

]
Overfull \hbox (15.0pt too wide) in paragraph at lines 355--355
[]$[]$ 
 []


Overfull \hbox (16.79755pt too wide) in paragraph at lines 355--355
[] []
 []

[1


]
Underfull \hbox (badness 10000) in paragraph at lines 355--355

 []

[2] [3] [4

]
Overfull \hbox (15.0pt too wide) in paragraph at lines 355--355
[]$[]$ 
 []


Overfull \hbox (16.79755pt too wide) in paragraph at lines 355--355
[] []
 []

[1


]
Underfull \hbox (badness 10000) in paragraph at lines 355--355

 []

[2] [3] [4

]
Overfull \hbox (15.0pt too wide) in paragraph at lines 355--355
[]$[]$ 
 []


Overfull \hbox (16.79755pt too wide) in paragraph at lines 355--355
[] []
 []

[1


]
Underfull \hbox (badness 10000) in paragraph at lines 355--355

 []

[2] [3] [4

]
Overfull \hbox (15.0pt too wide) in paragraph at lines 355--355
[]$[]$ 
 []


Overfull \hbox (16.79755pt too wide) in paragraph at lines 355--355
[] []
 []

[1


]
Underfull \hbox (badness 10000) in paragraph at lines 355--355

 []

[2] [3] [4

]
Overfull \hbox (15.0pt too wide) in paragraph at lines 355--355
[]$[]$ 
 []


Overfull \hbox (16.79755pt too wide) in paragraph at lines 355--355
[] []
 []

[1


]
Underfull \hbox (badness 10000) in paragraph at lines 355--355

 []

[2] [3] [4

]
Overfull \hbox (15.0pt too wide) in paragraph at lines 355--355
[]$[]$ 
 []


Overfull \hbox (16.79755pt too wide) in paragraph at lines 355--355
[] []
 []

[1


]
Underfull \hbox (badness 10000) in paragraph at lines 355--355

 []

[2] [3] [4

]
Overfull \hbox (15.0pt too wide) in paragraph at lines 355--355
[]$[]$ 
 []


Overfull \hbox (16.79755pt too wide) in paragraph at lines 355--355
[] []
 []

[1


]
Underfull \hbox (badness 10000) in paragraph at lines 355--355

 []

[2] [3] [4

]
Overfull \hbox (15.0pt too wide) in paragraph at lines 355--355
[]$[]$ 
 []


Overfull \hbox (16.79755pt too wide) in paragraph at lines 355--355
[] []
 []

[1


]
Underfull \hbox (badness 10000) in paragraph at lines 355--355

 []

[2] [3] [4

]
Overfull \hbox (15.0pt too wide) in paragraph at lines 355--355
[]$[]$ 
 []


Overfull \hbox (16.79755pt too wide) in paragraph at lines 355--355
[] []
 []

[1


]
Underfull \hbox (badness 10000) in paragraph at lines 355--355

 []

[2] [3] [4

]
Overfull \hbox (15.0pt too wide) in paragraph at lines 355--355
[]$[]$ 
 []


Overfull \hbox (16.79755pt too wide) in paragraph at lines 355--355
[] []
 []

[1


]
Underfull \hbox (badness 10000) in paragraph at lines 355--355

 []

[2] [3] [4

]
Overfull \hbox (15.0pt too wide) in paragraph at lines 355--355
[]$[]$ 
 []


Overfull \hbox (16.79755pt too wide) in paragraph at lines 355--355
[] []
 []

[1


]
Underfull \hbox (badness 10000) in paragraph at lines 355--355

 []

[2] [3] [4

]
Overfull \hbox (15.0pt too wide) in paragraph at lines 355--355
[]$[]$ 
 []


Overfull \hbox (16.79755pt too wide) in paragraph at lines 355--355
[] []
 []

[1


]
Underfull \hbox (badness 10000) in paragraph at lines 355--355

 []

[2] [3] [4

] (./Codage_QCM.aux) ) 
Here is how much of TeX's memory you used:
 13586 strings out of 492649
 243107 string characters out of 6132041
 364137 words of memory out of 5000000
 17410 multiletter control sequences out of 15000+600000
 535878 words of font info for 32 fonts, out of 8000000 for 9000
 1141 hyphenation exceptions out of 8191
 39i,23n,66p,10349b,552s stack positions out of 5000i,500n,10000p,200000b,80000s

Output written on Codage_QCM.dvi (152 pages, 2668244 bytes).
