[NotebookApp | WARNING] No nbgrader_config.py file found (rerun with --debug to see where nbgrader is looking)
[NotebookApp | INFO] Loading the validate_assignment nbgrader serverextension
[NotebookApp | INFO] Serving notebooks from local directory: /media/pop/data/NSI/Cours/Periode1/Langage_Constructions_elementaires
[NotebookApp | INFO] The Jupyter Notebook is running at:
[NotebookApp | INFO] http://127.0.0.1:8888/?token=377fd9440b822f0ed6721213ec7fffdf75705ebd9420f983
[NotebookApp | INFO] Use Control-C to stop this server and shut down all kernels (twice to skip confirmation).
[NotebookApp | CRITICAL] 
    
    To access the notebook, open this file in a browser:
        file:///run/user/1000/jupyter/nbserver-19164-open.html
    Or copy and paste one of these URLs:
        http://127.0.0.1:8888/?token=377fd9440b822f0ed6721213ec7fffdf75705ebd9420f983
[NotebookApp | WARNING] Notebook Langage.ipynb is not trusted
[NotebookApp | INFO] 302 GET /notebooks/images/John_Backus_3.png (127.0.0.1) 6.65ms
[NotebookApp | INFO] Kernel started: e493c9fd-ecba-41dd-a46d-4b578a6e30b5
[NotebookApp | INFO] Adapting to protocol v5.1 for kernel e493c9fd-ecba-41dd-a46d-4b578a6e30b5
[NotebookApp | INFO] Starting buffering for e493c9fd-ecba-41dd-a46d-4b578a6e30b5:db753e7c6c5e487c82e5245caa1bc28f
[NotebookApp | INFO] Kernel shutdown: e493c9fd-ecba-41dd-a46d-4b578a6e30b5
[NotebookApp | INFO] interrupted
[NotebookApp | CRITICAL] Shutdown confirmed
[NotebookApp | INFO] Shutting down 0 kernels
[NotebookApp | WARNING] No nbgrader_config.py file found (rerun with --debug to see where nbgrader is looking)
[NotebookApp | INFO] Loading the validate_assignment nbgrader serverextension
[NotebookApp | INFO] Serving notebooks from local directory: /media/pop/data/NSI/Cours/Periode1/Langage_Constructions_elementaires
[NotebookApp | INFO] The Jupyter Notebook is running at:
[NotebookApp | INFO] http://127.0.0.1:8888/?token=c060a72a1df1ba2f824b8b604ec4f1834fc228a16a88a4ba
[NotebookApp | INFO] Use Control-C to stop this server and shut down all kernels (twice to skip confirmation).
[NotebookApp | CRITICAL] 
    
    To access the notebook, open this file in a browser:
        file:///run/user/1000/jupyter/nbserver-2616-open.html
    Or copy and paste one of these URLs:
        http://127.0.0.1:8888/?token=c060a72a1df1ba2f824b8b604ec4f1834fc228a16a88a4ba
[NotebookApp | WARNING] Notebook Langage.ipynb is not trusted
[NotebookApp | INFO] 302 GET /notebooks/images/John_Backus_3.png (127.0.0.1) 3.32ms
[NotebookApp | INFO] Kernel started: 6c7891cc-55f5-4baa-bd84-755720dfc300
[NotebookApp | INFO] Adapting to protocol v5.1 for kernel 6c7891cc-55f5-4baa-bd84-755720dfc300
[NotebookApp | INFO] Saving file at /Langage.ipynb
[NotebookApp | INFO] Writing 29928 bytes to ./notebook.tex
[NotebookApp | INFO] Building PDF
[NotebookApp | INFO] Running xelatex 3 times: ['xelatex', './notebook.tex']
[NotebookApp | INFO] Running bibtex 1 time: ['bibtex', './notebook']
[NotebookApp | WARNING] bibtex had problems, most likely because there were no citations
[NotebookApp | INFO] PDF successfully created
[NotebookApp | INFO] Writing 29928 bytes to ./notebook.tex
[NotebookApp | INFO] Building PDF
[NotebookApp | INFO] Running xelatex 3 times: ['xelatex', './notebook.tex']
[NotebookApp | INFO] Running bibtex 1 time: ['bibtex', './notebook']
[NotebookApp | WARNING] bibtex had problems, most likely because there were no citations
[NotebookApp | INFO] PDF successfully created
[NotebookApp | INFO] Starting buffering for 6c7891cc-55f5-4baa-bd84-755720dfc300:8dbf7d8dc9b244208412caab2b8f0b77
[NotebookApp | INFO] Kernel shutdown: 6c7891cc-55f5-4baa-bd84-755720dfc300
[NotebookApp | INFO] Shutting down on /api/shutdown request.
[NotebookApp | INFO] Shutting down 0 kernels
